===== 2026. 02. 03. (화) 16:58:01 KST =====
[디스크]
/dev/sda3        20G   12G  6.1G   67% /
[메모리]

===== 2026. 02. 03. (화) 16:59:01 KST =====
[디스크]
/dev/sda3        20G   12G  6.1G   67% /
[메모리]

===== 2026. 02. 03. (화) 17:10:01 KST =====
[디스크]
/dev/sda3        20G   12G  6.1G   67% /
[메모리]

===== 2026. 02. 03. (화) 17:15:01 KST =====
[디스크]
/dev/sda3        20G   12G  6.1G   67% /
[메모리]

===== 2026. 02. 03. (화) 17:20:01 KST =====
[디스크]
/dev/sda3        20G   12G  6.1G   67% /
[메모리]

===== 2026. 02. 03. (화) 17:23:03 KST =====
[디스크]
/dev/sda3        20G   12G  6.1G  67% /
[메모리]
Mem:           3.8Gi       1.1Gi       1.4Gi        48Mi       1.2Gi       2.3Gi

